[debug] [2022-04-04T23:31:00.874Z] ----------------------------------------------------------------------
[debug] [2022-04-04T23:31:00.876Z] Command:       C:\Program Files\nodejs\node.exe C:\Users\markk\AppData\Roaming\npm\node_modules\firebase-tools\lib\bin\firebase.js deploy --only hosting
[debug] [2022-04-04T23:31:00.876Z] CLI Version:   10.5.0
[debug] [2022-04-04T23:31:00.877Z] Platform:      win32
[debug] [2022-04-04T23:31:00.877Z] Node Version:  v16.14.0
[debug] [2022-04-04T23:31:00.878Z] Time:          Tue Apr 05 2022 01:31:00 GMT+0200 (Ora legale dell’Europa centrale)
[debug] [2022-04-04T23:31:00.878Z] ----------------------------------------------------------------------
[debug] 
[debug] [2022-04-04T23:31:00.962Z] > command requires scopes: ["email","openid","https://www.googleapis.com/auth/cloudplatformprojects.readonly","https://www.googleapis.com/auth/firebase","https://www.googleapis.com/auth/cloud-platform"]
[debug] [2022-04-04T23:31:00.962Z] > authorizing via signed-in user (markkmit@gmail.com)
[debug] [2022-04-04T23:31:00.962Z] [iam] checking project s2i-progetto-finale for permissions ["firebase.projects.get","firebasehosting.sites.update"]
[debug] [2022-04-04T23:31:00.964Z] > refreshing access token with scopes: []
[debug] [2022-04-04T23:31:00.965Z] >>> HTTP REQUEST POST https://www.googleapis.com/oauth2/v3/token  
 <request body omitted>
[debug] [2022-04-04T23:31:22.032Z] [iam] error while checking permissions, command may fail: FirebaseError: Authentication Error: Your credentials are no longer valid. Please run firebase login --reauth

For CI servers and headless environments, generate a new token with firebase login:ci
[debug] [2022-04-04T23:31:22.033Z] > refreshing access token with scopes: []
[debug] [2022-04-04T23:31:22.033Z] >>> HTTP REQUEST POST https://www.googleapis.com/oauth2/v3/token  
 <request body omitted>
[debug] [2022-04-04T23:31:22.188Z] <<< HTTP RESPONSE 200 {"date":"Mon, 04 Apr 2022 23:31:23 GMT","pragma":"no-cache","cache-control":"no-cache, no-store, max-age=0, must-revalidate","expires":"Mon, 01 Jan 1990 00:00:00 GMT","content-type":"application/json; charset=utf-8","vary":"X-Origin, Referer, Origin,Accept-Encoding","server":"scaffolding on HTTPServer2","x-xss-protection":"0","x-frame-options":"SAMEORIGIN","x-content-type-options":"nosniff","alt-svc":"h3=\":443\"; ma=2592000,h3-29=\":443\"; ma=2592000,h3-Q050=\":443\"; ma=2592000,h3-Q046=\":443\"; ma=2592000,h3-Q043=\":443\"; ma=2592000,quic=\":443\"; ma=2592000; v=\"46,43\"","accept-ranges":"none","transfer-encoding":"chunked"}
[debug] [2022-04-04T23:31:22.204Z] >>> [apiv2][query] GET https://firebase.googleapis.com/v1beta1/projects/s2i-progetto-finale [none]
